<?xml version="1.0" encoding="UTF-8"?>
<testsuites>
  <testsuite name="fastlane.lanes">
    
    
    
      
      <testcase classname="fastlane.lanes" name="0: default_platform" time="0.000359">
        
      </testcase>
    
      
      <testcase classname="fastlane.lanes" name="1: slack" time="0.806262">
        
      </testcase>
    
      
      <testcase classname="fastlane.lanes" name="2: clean assembleRelease" time="10.548945">
        
          <failure message="/usr/local/lib/ruby/gems/2.7.0/gems/fastlane-2.180.1/fastlane/lib/fastlane/actions/actions_helper.rb:67:in `execute_action'&#10;/usr/local/lib/ruby/gems/2.7.0/gems/fastlane-2.180.1/fastlane/lib/fastlane/runner.rb:255:in `block in execute_action'&#10;/usr/local/lib/ruby/gems/2.7.0/gems/fastlane-2.180.1/fastlane/lib/fastlane/runner.rb:229:in `chdir'&#10;/usr/local/lib/ruby/gems/2.7.0/gems/fastlane-2.180.1/fastlane/lib/fastlane/runner.rb:229:in `execute_action'&#10;/usr/local/lib/ruby/gems/2.7.0/gems/fastlane-2.180.1/fastlane/lib/fastlane/runner.rb:157:in `trigger_action_by_name'&#10;/usr/local/lib/ruby/gems/2.7.0/gems/fastlane-2.180.1/fastlane/lib/fastlane/fast_file.rb:159:in `method_missing'&#10;Fastfile:15:in `block (2 levels) in parsing_binding'&#10;/usr/local/lib/ruby/gems/2.7.0/gems/fastlane-2.180.1/fastlane/lib/fastlane/lane.rb:33:in `call'&#10;/usr/local/lib/ruby/gems/2.7.0/gems/fastlane-2.180.1/fastlane/lib/fastlane/runner.rb:49:in `block in execute'&#10;/usr/local/lib/ruby/gems/2.7.0/gems/fastlane-2.180.1/fastlane/lib/fastlane/runner.rb:45:in `chdir'&#10;/usr/local/lib/ruby/gems/2.7.0/gems/fastlane-2.180.1/fastlane/lib/fastlane/runner.rb:45:in `execute'&#10;/usr/local/lib/ruby/gems/2.7.0/gems/fastlane-2.180.1/fastlane/lib/fastlane/lane_manager.rb:47:in `cruise_lane'&#10;/usr/local/lib/ruby/gems/2.7.0/gems/fastlane-2.180.1/fastlane/lib/fastlane/command_line_handler.rb:36:in `handle'&#10;/usr/local/lib/ruby/gems/2.7.0/gems/fastlane-2.180.1/fastlane/lib/fastlane/commands_generator.rb:108:in `block (2 levels) in run'&#10;/usr/local/lib/ruby/gems/2.7.0/gems/commander-fastlane-4.4.6/lib/commander/command.rb:178:in `call'&#10;/usr/local/lib/ruby/gems/2.7.0/gems/commander-fastlane-4.4.6/lib/commander/command.rb:153:in `run'&#10;/usr/local/lib/ruby/gems/2.7.0/gems/commander-fastlane-4.4.6/lib/commander/runner.rb:476:in `run_active_command'&#10;/usr/local/lib/ruby/gems/2.7.0/gems/fastlane-2.180.1/fastlane_core/lib/fastlane_core/ui/fastlane_runner.rb:76:in `run!'&#10;/usr/local/lib/ruby/gems/2.7.0/gems/commander-fastlane-4.4.6/lib/commander/delegates.rb:15:in `run!'&#10;/usr/local/lib/ruby/gems/2.7.0/gems/fastlane-2.180.1/fastlane/lib/fastlane/commands_generator.rb:352:in `run'&#10;/usr/local/lib/ruby/gems/2.7.0/gems/fastlane-2.180.1/fastlane/lib/fastlane/commands_generator.rb:41:in `start'&#10;/usr/local/lib/ruby/gems/2.7.0/gems/fastlane-2.180.1/fastlane/lib/fastlane/cli_tools_distributor.rb:122:in `take_off'&#10;/usr/local/lib/ruby/gems/2.7.0/gems/fastlane-2.180.1/bin/fastlane:23:in `&lt;top (required)&gt;'&#10;/Users/ozgegundogdu/.gems/bin/fastlane:23:in `load'&#10;/Users/ozgegundogdu/.gems/bin/fastlane:23:in `&lt;main&gt;'&#10;&#10;Exit status of command '/Users/ozgegundogdu/Documents/Works/Self/Save-app-android-origin/gradlew clean assembleRelease -p .' was 1 instead of 0.&#10;&gt; Task :clean UP-TO-DATE&#10;&gt; Task :app:clean&#10;&gt; Task :app:preBuild UP-TO-DATE&#10;&gt; Task :app:preReleaseflavorReleaseBuild UP-TO-DATE&#10;&gt; Task :app:compileReleaseflavorReleaseAidl NO-SOURCE&#10;&gt; Task :app:compileReleaseflavorReleaseRenderscript NO-SOURCE&#10;&gt; Task :app:dataBindingMergeDependencyArtifactsReleaseflavorRelease&#10;&gt; Task :app:dataBindingMergeGenClassesReleaseflavorRelease&#10;&gt; Task :app:generateReleaseflavorReleaseResValues&#10;&gt; Task :app:generateReleaseflavorReleaseResources&#10;&gt; Task :app:generateReleaseflavorReleaseBuildConfig&#10;&gt; Task :app:checkReleaseflavorReleaseAarMetadata&#10;&gt; Task :app:createReleaseflavorReleaseCompatibleScreenManifests&#10;&gt; Task :app:extractDeepLinksReleaseflavorRelease&#10;&#10;&gt; Task :app:processReleaseflavorReleaseMainManifest&#10;/Users/ozgegundogdu/Documents/Works/Self/Save-app-android-origin/app/src/main/AndroidManifest.xml:39:9-45:51 Warning:&#10;	provider#org.acra.attachment.AcraContentProvider@android:authorities was tagged at AndroidManifest.xml:39 to replace other declarations but no other declaration present&#10;/Users/ozgegundogdu/Documents/Works/Self/Save-app-android-origin/app/src/main/AndroidManifest.xml:198:5-67 Warning:&#10;	uses-permission#android.permission.INTERNET@android:maxSdkVersion was tagged at AndroidManifest.xml:198 to remove other declarations but no other declaration present&#10;/Users/ozgegundogdu/Documents/Works/Self/Save-app-android-origin/app/src/main/AndroidManifest.xml:13:5-79 Warning:&#10;	uses-permission#android.permission.ACCESS_NETWORK_STATE@android:maxSdkVersion was tagged at AndroidManifest.xml:13 to remove other declarations but no other declaration present&#10;/Users/ozgegundogdu/Documents/Works/Self/Save-app-android-origin/app/src/main/AndroidManifest.xml:12:5-14:48 Warning:&#10;	uses-permission#android.permission.READ_EXTERNAL_STORAGE@android:maxSdkVersion was tagged at AndroidManifest.xml:12 to remove other declarations but no other declaration present&#10;/Users/ozgegundogdu/Documents/Works/Self/Save-app-android-origin/app/src/main/AndroidManifest.xml:15:5-17:48 Warning:&#10;	uses-permission#android.permission.WRITE_EXTERNAL_STORAGE@android:maxSdkVersion was tagged at AndroidManifest.xml:15 to remove other declarations but no other declaration present&#10;/Users/ozgegundogdu/Documents/Works/Self/Save-app-android-origin/app/src/main/AndroidManifest.xml:18:5-20:48 Warning:&#10;	uses-permission#android.permission.ACCESS_COARSE_LOCATION@android:maxSdkVersion was tagged at AndroidManifest.xml:18 to remove other declarations but no other declaration present&#10;/Users/ozgegundogdu/Documents/Works/Self/Save-app-android-origin/app/src/main/AndroidManifest.xml:21:5-23:48 Warning:&#10;	uses-permission#android.permission.ACCESS_FINE_LOCATION@android:maxSdkVersion was tagged at AndroidManifest.xml:21 to remove other declarations but no other declaration present&#10;/Users/ozgegundogdu/Documents/Works/Self/Save-app-android-origin/app/src/main/AndroidManifest.xml:30:5-32:48 Warning:&#10;	uses-permission#android.permission.READ_PHONE_STATE@android:maxSdkVersion was tagged at AndroidManifest.xml:30 to remove other declarations but no other declaration present&#10;&#10;&gt; Task :app:processReleaseflavorReleaseManifest&#10;&gt; Task :app:javaPreCompileReleaseflavorRelease&#10;&gt; Task :app:mergeReleaseflavorReleaseNativeDebugMetadata NO-SOURCE&#10;&gt; Task :app:processReleaseflavorReleaseManifestForPackage&#10;&gt; Task :app:mergeReleaseflavorReleaseShaders&#10;&gt; Task :app:compileReleaseflavorReleaseShaders NO-SOURCE&#10;&gt; Task :app:generateReleaseflavorReleaseAssets UP-TO-DATE&#10;&gt; Task :app:mergeReleaseflavorReleaseAssets&#10;&gt; Task :app:compressReleaseflavorReleaseAssets&#10;&gt; Task :app:mergeReleaseflavorReleaseResources&#10;&gt; Task :app:dataBindingGenBaseClassesReleaseflavorRelease&#10;warn: removing resource net.opendasharchive.openarchive.release:plurals/error_over_count without required default value.&#10;warn: removing resource net.opendasharchive.openarchive.release:string/delete_local without required default value.&#10;warn: removing resource net.opendasharchive.openarchive.release:string/delete_remote without required default value.&#10;&#10;&gt; Task :app:processReleaseflavorReleaseResources&#10;&gt; Task :app:compileReleaseflavorReleaseKotlin FAILED&#10;&#10;FAILURE: Build failed with an exception.&#10;&#10;* What went wrong:&#10;Execution failed for task ':app:compileReleaseflavorReleaseKotlin'.&#10;&gt; Kotlin could not find the required JDK tools in the Java installation '/Library/Internet Plug-Ins/JavaAppletPlugin.plugin/Contents/Home' used by Gradle. Make sure Gradle is running on a JDK, not JRE.&#10;&#10;* Try:&#10;Run with --stacktrace option to get the stack trace. Run with --info or --debug option to get more log output. Run with --scan to get full insights.&#10;&#10;* Get more help at https://help.gradle.org&#10;&#10;BUILD FAILED in 10s&#10;20 actionable tasks: 19 executed, 1 up-to-date&#10;" />
        
      </testcase>
    
  </testsuite>
</testsuites>
